app/build/intermediates/manifest_merge_blame_file/debug/manifest-merger-blame-debug-report.txt
1<?xml version="1.0" encoding="utf-8"?>
2<manifest xmlns:android="http://schemas.android.com/apk/res/android"
3    package="com.example.data_compression"
4    android:versionCode="1"
5    android:versionName="1.0" >
6
7    <uses-sdk
8        android:minSdkVersion="15"
8-->src\main\AndroidManifest.xml
9        android:targetSdkVersion="29" />
9-->src\main\AndroidManifest.xml
10
11    <application
11-->src\main\AndroidManifest.xml:5:5-50:19
12        android:allowBackup="true"
12-->src\main\AndroidManifest.xml:6:9-35
13        android:appComponentFactory="androidx.core.app.CoreComponentFactory"
13-->[androidx.core:core:1.1.0] AndroidManifest.xml:24:18-86
14        android:debuggable="true"
15        android:icon="@mipmap/icon_round"
15-->src\main\AndroidManifest.xml:7:9-42
16        android:label="@string/app_name"
16-->src\main\AndroidManifest.xml:8:9-41
17        android:roundIcon="@mipmap/ic_launcher_round"
17-->src\main\AndroidManifest.xml:9:9-54
18        android:supportsRtl="true"
18-->src\main\AndroidManifest.xml:10:9-35
19        android:testOnly="true"
20        android:theme="@style/AppTheme" >
20-->src\main\AndroidManifest.xml:11:9-40
21        <activity
21-->src\main\AndroidManifest.xml:12:9-19:20
22            android:name="com.example.data_compression.lz7"
22-->src\main\AndroidManifest.xml:12:19-38
23            android:label="LZ77 Coding Technique"
23-->src\main\AndroidManifest.xml:13:13-50
24            android:theme="@style/top" >
24-->src\main\AndroidManifest.xml:15:13-39
25        </activity>
26        <activity
26-->src\main\AndroidManifest.xml:20:9-24:16
27            android:name="com.example.data_compression.gulumb"
27-->src\main\AndroidManifest.xml:20:19-41
28            android:background="@color/colorAccent"
28-->src\main\AndroidManifest.xml:22:13-52
29            android:label="Goulumb Coding Technique"
29-->src\main\AndroidManifest.xml:21:13-53
30            android:theme="@style/top" />
30-->src\main\AndroidManifest.xml:23:13-39
31        <activity
31-->src\main\AndroidManifest.xml:26:9-29:51
32            android:name="com.example.data_compression.arithmatic"
32-->src\main\AndroidManifest.xml:26:19-45
33            android:background="@color/colorAccent"
33-->src\main\AndroidManifest.xml:28:13-52
34            android:label="Arithmatic Coding Technique"
34-->src\main\AndroidManifest.xml:27:13-56
35            android:theme="@style/top" />
35-->src\main\AndroidManifest.xml:29:13-39
36        <activity
36-->src\main\AndroidManifest.xml:30:9-33:41
37            android:name="com.example.data_compression.Huffman"
37-->src\main\AndroidManifest.xml:30:19-42
38            android:background="@color/colorAccent"
38-->src\main\AndroidManifest.xml:32:13-52
39            android:label="Huffman Coding Technique"
39-->src\main\AndroidManifest.xml:31:13-53
40            android:theme="@style/top" />
40-->src\main\AndroidManifest.xml:33:13-39
41        <activity
41-->src\main\AndroidManifest.xml:34:9-37:41
42            android:name="com.example.data_compression.LosslessCompression"
42-->src\main\AndroidManifest.xml:34:19-54
43            android:background="@color/colorAccent"
43-->src\main\AndroidManifest.xml:36:13-52
44            android:label="Lossless Compression Methods"
44-->src\main\AndroidManifest.xml:35:13-57
45            android:theme="@style/top" />
45-->src\main\AndroidManifest.xml:37:13-39
46        <activity
46-->src\main\AndroidManifest.xml:38:9-49:20
47            android:name="com.example.data_compression.MainActivity"
47-->src\main\AndroidManifest.xml:38:19-47
48            android:label="LOSSLESS Compression"
48-->src\main\AndroidManifest.xml:39:13-49
49            android:theme="@style/top" >
49-->src\main\AndroidManifest.xml:40:13-39
50            <intent-filter>
50-->src\main\AndroidManifest.xml:44:13-48:29
51                <action android:name="android.intent.action.MAIN" />
51-->src\main\AndroidManifest.xml:45:17-69
51-->src\main\AndroidManifest.xml:45:25-66
52
53                <category android:name="android.intent.category.LAUNCHER" />
53-->src\main\AndroidManifest.xml:47:17-77
53-->src\main\AndroidManifest.xml:47:27-74
54            </intent-filter>
55        </activity>
56    </application>
57
58</manifest>